# JRE version: Java(TM) SE Runtime Environment (8.0_221-b11) (build 1.8.0_221-b11)
# Java VM: Java HotSpot(TM) 64-Bit Server VM (25.221-b11 mixed mode windows-amd64 compressed oops)
Heap:
 PSYoungGen      total 138240K, used 39583K [0x00000000d5d00000, 0x00000000de900000, 0x0000000100000000)
  eden space 133120K, 29% used [0x00000000d5d00000,0x00000000d83a7c00,0x00000000ddf00000)
  from space 5120K, 0% used [0x00000000de400000,0x00000000de400000,0x00000000de900000)
  to   space 5120K, 0% used [0x00000000ddf00000,0x00000000ddf00000,0x00000000de400000)
 ParOldGen       total 78336K, used 14342K [0x0000000081600000, 0x0000000086280000, 0x00000000d5d00000)
  object space 78336K, 18% used [0x0000000081600000,0x0000000082401aa0,0x0000000086280000)
 Metaspace       used 23033K, capacity 23612K, committed 23808K, reserved 1071104K
  class space    used 2785K, capacity 2947K, committed 3072K, reserved 1048576K
GC Heap History (10 events):
Event: 0.549 GC heap before
{Heap before GC invocations=1 (full 0):
 PSYoungGen      total 38400K, used 33280K [0x00000000d5d00000, 0x00000000d8780000, 0x0000000100000000)
  eden space 33280K, 100% used [0x00000000d5d00000,0x00000000d7d80000,0x00000000d7d80000)
  from space 5120K, 0% used [0x00000000d8280000,0x00000000d8280000,0x00000000d8780000)
  to   space 5120K, 0% used [0x00000000d7d80000,0x00000000d7d80000,0x00000000d8280000)
 ParOldGen       total 87552K, used 0K [0x0000000081600000, 0x0000000086b80000, 0x00000000d5d00000)
  object space 87552K, 0% used [0x0000000081600000,0x0000000081600000,0x0000000086b80000)
 Metaspace       used 8147K, capacity 8328K, committed 8576K, reserved 1056768K
  class space    used 994K, capacity 1052K, committed 1152K, reserved 1048576K
Event: 0.555 GC heap after
Heap after GC invocations=1 (full 0):
 PSYoungGen      total 38400K, used 5090K [0x00000000d5d00000, 0x00000000da800000, 0x0000000100000000)
  eden space 33280K, 0% used [0x00000000d5d00000,0x00000000d5d00000,0x00000000d7d80000)
  from space 5120K, 99% used [0x00000000d7d80000,0x00000000d82789e0,0x00000000d8280000)
  to   space 5120K, 0% used [0x00000000da300000,0x00000000da300000,0x00000000da800000)
 ParOldGen       total 87552K, used 467K [0x0000000081600000, 0x0000000086b80000, 0x00000000d5d00000)
  object space 87552K, 0% used [0x0000000081600000,0x0000000081674e00,0x0000000086b80000)
 Metaspace       used 8147K, capacity 8328K, committed 8576K, reserved 1056768K
  class space    used 994K, capacity 1052K, committed 1152K, reserved 1048576K
}
Event: 0.862 GC heap before
{Heap before GC invocations=2 (full 0):
 PSYoungGen      total 38400K, used 38370K [0x00000000d5d00000, 0x00000000da800000, 0x0000000100000000)
  eden space 33280K, 100% used [0x00000000d5d00000,0x00000000d7d80000,0x00000000d7d80000)
  from space 5120K, 99% used [0x00000000d7d80000,0x00000000d82789e0,0x00000000d8280000)
  to   space 5120K, 0% used [0x00000000da300000,0x00000000da300000,0x00000000da800000)
 ParOldGen       total 87552K, used 467K [0x0000000081600000, 0x0000000086b80000, 0x00000000d5d00000)
  object space 87552K, 0% used [0x0000000081600000,0x0000000081674e00,0x0000000086b80000)
 Metaspace       used 11666K, capacity 11898K, committed 12032K, reserved 1060864K
  class space    used 1446K, capacity 1513K, committed 1536K, reserved 1048576K
Event: 0.868 GC heap after
Heap after GC invocations=2 (full 0):
 PSYoungGen      total 71680K, used 5119K [0x00000000d5d00000, 0x00000000da800000, 0x0000000100000000)
  eden space 66560K, 0% used [0x00000000d5d00000,0x00000000d5d00000,0x00000000d9e00000)
  from space 5120K, 99% used [0x00000000da300000,0x00000000da7ffd18,0x00000000da800000)
  to   space 5120K, 0% used [0x00000000d9e00000,0x00000000d9e00000,0x00000000da300000)
 ParOldGen       total 87552K, used 2623K [0x0000000081600000, 0x0000000086b80000, 0x00000000d5d00000)
  object space 87552K, 2% used [0x0000000081600000,0x000000008188ffd0,0x0000000086b80000)
 Metaspace       used 11666K, capacity 11898K, committed 12032K, reserved 1060864K
  class space    used 1446K, capacity 1513K, committed 1536K, reserved 1048576K
}
Event: 1.939 GC heap before
{Heap before GC invocations=3 (full 0):
 PSYoungGen      total 71680K, used 71679K [0x00000000d5d00000, 0x00000000da800000, 0x0000000100000000)
  eden space 66560K, 100% used [0x00000000d5d00000,0x00000000d9e00000,0x00000000d9e00000)
  from space 5120K, 99% used [0x00000000da300000,0x00000000da7ffd18,0x00000000da800000)
  to   space 5120K, 0% used [0x00000000d9e00000,0x00000000d9e00000,0x00000000da300000)
 ParOldGen       total 87552K, used 2623K [0x0000000081600000, 0x0000000086b80000, 0x00000000d5d00000)
  object space 87552K, 2% used [0x0000000081600000,0x000000008188ffd0,0x0000000086b80000)
 Metaspace       used 16046K, capacity 16364K, committed 16640K, reserved 1064960K
  class space    used 1943K, capacity 2048K, committed 2048K, reserved 1048576K
Event: 1.953 GC heap after
Heap after GC invocations=3 (full 0):
 PSYoungGen      total 71680K, used 5088K [0x00000000d5d00000, 0x00000000de900000, 0x0000000100000000)
  eden space 66560K, 0% used [0x00000000d5d00000,0x00000000d5d00000,0x00000000d9e00000)
  from space 5120K, 99% used [0x00000000d9e00000,0x00000000da2f8050,0x00000000da300000)
  to   space 5120K, 0% used [0x00000000de400000,0x00000000de400000,0x00000000de900000)
 ParOldGen       total 87552K, used 7648K [0x0000000081600000, 0x0000000086b80000, 0x00000000d5d00000)
  object space 87552K, 8% used [0x0000000081600000,0x0000000081d78000,0x0000000086b80000)
 Metaspace       used 16046K, capacity 16364K, committed 16640K, reserved 1064960K
  class space    used 1943K, capacity 2048K, committed 2048K, reserved 1048576K
}
Event: 2.628 GC heap before
{Heap before GC invocations=4 (full 0):
 PSYoungGen      total 71680K, used 53044K [0x00000000d5d00000, 0x00000000de900000, 0x0000000100000000)
  eden space 66560K, 72% used [0x00000000d5d00000,0x00000000d8bd52f0,0x00000000d9e00000)
  from space 5120K, 99% used [0x00000000d9e00000,0x00000000da2f8050,0x00000000da300000)
  to   space 5120K, 0% used [0x00000000de400000,0x00000000de400000,0x00000000de900000)
 ParOldGen       total 87552K, used 7648K [0x0000000081600000, 0x0000000086b80000, 0x00000000d5d00000)
  object space 87552K, 8% used [0x0000000081600000,0x0000000081d78000,0x0000000086b80000)
 Metaspace       used 20790K, capacity 21140K, committed 21296K, reserved 1069056K
  class space    used 2525K, capacity 2640K, committed 2688K, reserved 1048576K
Event: 2.645 GC heap after
Heap after GC invocations=4 (full 0):
 PSYoungGen      total 138240K, used 5096K [0x00000000d5d00000, 0x00000000de900000, 0x0000000100000000)
  eden space 133120K, 0% used [0x00000000d5d00000,0x00000000d5d00000,0x00000000ddf00000)
  from space 5120K, 99% used [0x00000000de400000,0x00000000de8fa050,0x00000000de900000)
  to   space 5120K, 0% used [0x00000000ddf00000,0x00000000ddf00000,0x00000000de400000)
 ParOldGen       total 87552K, used 15012K [0x0000000081600000, 0x0000000086b80000, 0x00000000d5d00000)
  object space 87552K, 17% used [0x0000000081600000,0x00000000824a93f0,0x0000000086b80000)
 Metaspace       used 20790K, capacity 21140K, committed 21296K, reserved 1069056K
  class space    used 2525K, capacity 2640K, committed 2688K, reserved 1048576K
}
Event: 2.645 GC heap before
{Heap before GC invocations=5 (full 1):
 PSYoungGen      total 138240K, used 5096K [0x00000000d5d00000, 0x00000000de900000, 0x0000000100000000)
  eden space 133120K, 0% used [0x00000000d5d00000,0x00000000d5d00000,0x00000000ddf00000)
  from space 5120K, 99% used [0x00000000de400000,0x00000000de8fa050,0x00000000de900000)
  to   space 5120K, 0% used [0x00000000ddf00000,0x00000000ddf00000,0x00000000de400000)
 ParOldGen       total 87552K, used 15012K [0x0000000081600000, 0x0000000086b80000, 0x00000000d5d00000)
  object space 87552K, 17% used [0x0000000081600000,0x00000000824a93f0,0x0000000086b80000)
 Metaspace       used 20790K, capacity 21140K, committed 21296K, reserved 1069056K
  class space    used 2525K, capacity 2640K, committed 2688K, reserved 1048576K
Event: 2.720 GC heap after
Heap after GC invocations=5 (full 1):
 PSYoungGen      total 138240K, used 0K [0x00000000d5d00000, 0x00000000de900000, 0x0000000100000000)
  eden space 133120K, 0% used [0x00000000d5d00000,0x00000000d5d00000,0x00000000ddf00000)
  from space 5120K, 0% used [0x00000000de400000,0x00000000de400000,0x00000000de900000)
  to   space 5120K, 0% used [0x00000000ddf00000,0x00000000ddf00000,0x00000000de400000)
 ParOldGen       total 78336K, used 14342K [0x0000000081600000, 0x0000000086280000, 0x00000000d5d00000)
  object space 78336K, 18% used [0x0000000081600000,0x0000000082401aa0,0x0000000086280000)
 Metaspace       used 20790K, capacity 21140K, committed 21296K, reserved 1069056K
  class space    used 2525K, capacity 2640K, committed 2688K, reserved 1048576K
}

